[INFO] Scanning for projects...
[INFO] 
[INFO] -----------------------< com.tuitionapp:tuition >-----------------------
[INFO] Building tuition 0.0.1-SNAPSHOT
[INFO]   from pom.xml
[INFO] --------------------------------[ jar ]---------------------------------
[INFO] 
[INFO] >>> spring-boot:3.5.3:run (default-cli) > test-compile @ tuition >>>
[INFO] 
[INFO] --- resources:3.3.1:resources (default-resources) @ tuition ---
[INFO] Copying 1 resource from src/main/resources to target/classes
[INFO] Copying 1 resource from src/main/resources to target/classes
[INFO] 
[INFO] --- compiler:3.14.0:compile (default-compile) @ tuition ---
[INFO] Nothing to compile - all classes are up to date.
[INFO] 
[INFO] --- resources:3.3.1:testResources (default-testResources) @ tuition ---
[INFO] skip non existing resourceDirectory /workspace/src/test/resources
[INFO] 
[INFO] --- compiler:3.14.0:testCompile (default-testCompile) @ tuition ---
[INFO] Nothing to compile - all classes are up to date.
[INFO] 
[INFO] <<< spring-boot:3.5.3:run (default-cli) < test-compile @ tuition <<<
[INFO] 
[INFO] 
[INFO] --- spring-boot:3.5.3:run (default-cli) @ tuition ---
[INFO] Attaching agents: []

  .   ____          _            __ _ _
 /\\ / ___'_ __ _ _(_)_ __  __ _ \ \ \ \
( ( )\___ | '_ | '_| | '_ \/ _` | \ \ \ \
 \\/  ___)| |_)| | | | | || (_| |  ) ) ) )
  '  |____| .__|_| |_|_| |_\__, | / / / /
 =========|_|==============|___/=/_/_/_/

 :: Spring Boot ::                (v3.5.3)

2025-07-29T14:17:42.259Z  INFO 5621 --- [tuition] [  restartedMain] c.tuitionapp.tuition.TuitionApplication  : Starting TuitionApplication using Java 21.0.7 with PID 5621 (/workspace/target/classes started by ubuntu in /workspace)
2025-07-29T14:17:42.260Z  INFO 5621 --- [tuition] [  restartedMain] c.tuitionapp.tuition.TuitionApplication  : No active profile set, falling back to 1 default profile: "default"
2025-07-29T14:17:42.281Z  INFO 5621 --- [tuition] [  restartedMain] .e.DevToolsPropertyDefaultsPostProcessor : Devtools property defaults active! Set 'spring.devtools.add-properties' to 'false' to disable
2025-07-29T14:17:42.281Z  INFO 5621 --- [tuition] [  restartedMain] .e.DevToolsPropertyDefaultsPostProcessor : For additional web related logging consider setting the 'logging.level.web' property to 'DEBUG'
2025-07-29T14:17:42.612Z  INFO 5621 --- [tuition] [  restartedMain] .s.d.r.c.RepositoryConfigurationDelegate : Bootstrapping Spring Data JPA repositories in DEFAULT mode.
2025-07-29T14:17:42.645Z  INFO 5621 --- [tuition] [  restartedMain] .s.d.r.c.RepositoryConfigurationDelegate : Finished Spring Data repository scanning in 28 ms. Found 2 JPA repository interfaces.
2025-07-29T14:17:42.913Z  INFO 5621 --- [tuition] [  restartedMain] o.s.b.w.embedded.tomcat.TomcatWebServer  : Tomcat initialized with port 8080 (http)
2025-07-29T14:17:42.922Z  INFO 5621 --- [tuition] [  restartedMain] o.apache.catalina.core.StandardService   : Starting service [Tomcat]
2025-07-29T14:17:42.922Z  INFO 5621 --- [tuition] [  restartedMain] o.apache.catalina.core.StandardEngine    : Starting Servlet engine: [Apache Tomcat/10.1.42]
2025-07-29T14:17:42.940Z  INFO 5621 --- [tuition] [  restartedMain] o.a.c.c.C.[Tomcat].[localhost].[/]       : Initializing Spring embedded WebApplicationContext
2025-07-29T14:17:42.940Z  INFO 5621 --- [tuition] [  restartedMain] w.s.c.ServletWebServerApplicationContext : Root WebApplicationContext: initialization completed in 659 ms
2025-07-29T14:17:43.020Z  INFO 5621 --- [tuition] [  restartedMain] o.hibernate.jpa.internal.util.LogHelper  : HHH000204: Processing PersistenceUnitInfo [name: default]
2025-07-29T14:17:43.041Z  INFO 5621 --- [tuition] [  restartedMain] org.hibernate.Version                    : HHH000412: Hibernate ORM core version 6.6.18.Final
2025-07-29T14:17:43.057Z  INFO 5621 --- [tuition] [  restartedMain] o.h.c.internal.RegionFactoryInitiator    : HHH000026: Second-level cache disabled
2025-07-29T14:17:43.178Z  INFO 5621 --- [tuition] [  restartedMain] o.s.o.j.p.SpringPersistenceUnitInfo      : No LoadTimeWeaver setup: ignoring JPA class transformer
2025-07-29T14:17:43.197Z  INFO 5621 --- [tuition] [  restartedMain] com.zaxxer.hikari.HikariDataSource       : HikariPool-1 - Starting...
2025-07-29T14:17:43.304Z  INFO 5621 --- [tuition] [  restartedMain] com.zaxxer.hikari.pool.HikariPool        : HikariPool-1 - Added connection conn0: url=jdbc:h2:mem:testdb user=SA
2025-07-29T14:17:43.305Z  INFO 5621 --- [tuition] [  restartedMain] com.zaxxer.hikari.HikariDataSource       : HikariPool-1 - Start completed.
2025-07-29T14:17:43.319Z  WARN 5621 --- [tuition] [  restartedMain] org.hibernate.orm.deprecation            : HHH90000025: H2Dialect does not need to be specified explicitly using 'hibernate.dialect' (remove the property setting and it will be selected by default)
2025-07-29T14:17:43.330Z  INFO 5621 --- [tuition] [  restartedMain] org.hibernate.orm.connections.pooling    : HHH10001005: Database info:
	Database JDBC URL [Connecting through datasource 'HikariDataSource (HikariPool-1)']
	Database driver: undefined/unknown
	Database version: 2.3.232
	Autocommit mode: undefined/unknown
	Isolation level: undefined/unknown
	Minimum pool size: undefined/unknown
	Maximum pool size: undefined/unknown
2025-07-29T14:17:43.791Z  INFO 5621 --- [tuition] [  restartedMain] o.h.e.t.j.p.i.JtaPlatformInitiator       : HHH000489: No JTA platform available (set 'hibernate.transaction.jta.platform' to enable JTA platform integration)
Hibernate: drop table if exists fee_records cascade 
Hibernate: drop table if exists student cascade 
Hibernate: create table fee_records (amount float(53), due_date date, payment_date date, id bigint generated by default as identity, student_id bigint, payment_method varchar(255), status enum ('DUE','OVERDUE','PAID'), primary key (id))
Hibernate: create table student (discount_percent numeric(38,2), joining_date date not null, monthly_fee numeric(38,2), id bigint generated by default as identity, class_name varchar(255) not null, department varchar(255) not null, email varchar(255) not null, name varchar(255) not null, parent_email varchar(255), parent_name varchar(255) not null, parent_phone varchar(255) not null, phone varchar(255) not null, roll_number varchar(255) not null unique, primary key (id))
2025-07-29T14:17:43.814Z  INFO 5621 --- [tuition] [  restartedMain] j.LocalContainerEntityManagerFactoryBean : Initialized JPA EntityManagerFactory for persistence unit 'default'
2025-07-29T14:17:43.977Z  INFO 5621 --- [tuition] [  restartedMain] o.s.d.j.r.query.QueryEnhancerFactory     : Hibernate is in classpath; If applicable, HQL parser will be used.
✅ FeeController loaded successfully!
✅ StudentController loaded successfully!
2025-07-29T14:17:45.032Z  WARN 5621 --- [tuition] [  restartedMain] JpaBaseConfiguration$JpaWebConfiguration : spring.jpa.open-in-view is enabled by default. Therefore, database queries may be performed during view rendering. Explicitly configure spring.jpa.open-in-view to disable this warning
2025-07-29T14:17:45.047Z  INFO 5621 --- [tuition] [  restartedMain] o.s.b.a.w.s.WelcomePageHandlerMapping    : Adding welcome page: class path resource [static/index.html]
2025-07-29T14:17:45.187Z  INFO 5621 --- [tuition] [  restartedMain] o.s.b.a.h2.H2ConsoleAutoConfiguration    : H2 console available at '/h2-console'. Database available at 'jdbc:h2:mem:testdb'
2025-07-29T14:17:45.227Z  INFO 5621 --- [tuition] [  restartedMain] o.s.b.d.a.OptionalLiveReloadServer       : LiveReload server is running on port 35729
2025-07-29T14:17:45.243Z  INFO 5621 --- [tuition] [  restartedMain] o.s.b.w.embedded.tomcat.TomcatWebServer  : Tomcat started on port 8080 (http) with context path '/'
2025-07-29T14:17:45.248Z  INFO 5621 --- [tuition] [  restartedMain] c.tuitionapp.tuition.TuitionApplication  : Started TuitionApplication in 3.188 seconds (process running for 3.374)
2025-07-29T14:18:01.501Z  INFO 5621 --- [tuition] [nio-8080-exec-1] o.a.c.c.C.[Tomcat].[localhost].[/]       : Initializing Spring DispatcherServlet 'dispatcherServlet'
2025-07-29T14:18:01.502Z  INFO 5621 --- [tuition] [nio-8080-exec-1] o.s.web.servlet.DispatcherServlet        : Initializing Servlet 'dispatcherServlet'
2025-07-29T14:18:01.504Z  INFO 5621 --- [tuition] [nio-8080-exec-1] o.s.web.servlet.DispatcherServlet        : Completed initialization in 2 ms
Hibernate: select s1_0.id,s1_0.class_name,s1_0.department,s1_0.discount_percent,s1_0.email,s1_0.joining_date,s1_0.monthly_fee,s1_0.name,s1_0.parent_email,s1_0.parent_name,s1_0.parent_phone,s1_0.phone,s1_0.roll_number from student s1_0
